<?xml version="1.0" encoding="UTF-8"?>
<testsuite name="PowerFinderTest" tests="4" skipped="0" failures="0" errors="0" timestamp="2023-06-23T16:39:05" hostname="HIMANSHU" time="0.083">
  <properties/>
  <testcase name="oneRaisedToOneIsOne()" classname="PowerFinderTest" time="0.06"/>
  <testcase name="twoRaisedToOneIsTwo()" classname="PowerFinderTest" time="0.003"/>
  <testcase name="twoPowerTwoIsFour()" classname="PowerFinderTest" time="0.002"/>
  <testcase name="powerOfTwoAndThreeIsSix()" classname="PowerFinderTest" time="0.003"/>
  <system-out><![CDATA[]]></system-out>
  <system-err><![CDATA[]]></system-err>
</testsuite>
